<?xml version="1.0" encoding="UTF-8"?>
<testsuite name="MyTest-20201120171402" tests="2" file=".py" time="0.005" timestamp="2020-11-20T17:14:02" failures="0" errors="0" skipped="0">
	<testcase classname="MyTest" name="test_deleting" time="0.004" timestamp="2020-11-20T17:14:02" file="test.py" line="98"/>
	<testcase classname="MyTest" name="test_peeking" time="0.001" timestamp="2020-11-20T17:14:02" file="test.py" line="84"/>
</testsuite>
