<?xml version="1.0" encoding="UTF-8"?>
<testsuite name="MyTest-20201120004611" tests="2" file=".py" time="0.006" timestamp="2020-11-20T00:46:11" failures="0" errors="0" skipped="0">
	<testcase classname="MyTest" name="test_deleting" time="0.005" timestamp="2020-11-20T00:46:11" file="test.py" line="98"/>
	<testcase classname="MyTest" name="test_peeking" time="0.001" timestamp="2020-11-20T00:46:11" file="test.py" line="84"/>
</testsuite>
